\BOOKMARK [1][-]{section.1}{\376\377\117\134\116\032\211\201\154\102\123\312\133\236\163\260}{}% 1
\BOOKMARK [2][-]{subsection.1.1}{\376\377\127\372\147\054\211\201\154\102}{section.1}% 2
\BOOKMARK [2][-]{subsection.1.2}{\376\377\230\235\131\026\122\237\200\375}{section.1}% 3
\BOOKMARK [1][-]{section.2}{\376\377\121\306\131\007\167\345\213\306}{}% 4
\BOOKMARK [2][-]{subsection.2.1}{\376\377\000M\000y\000B\000a\000t\000i\000s}{section.2}% 5
\BOOKMARK [2][-]{subsection.2.2}{\376\377\145\160\143\156\136\223\217\336\143\245\154\140}{section.2}% 6
\BOOKMARK [3][-]{subsubsection.2.2.1}{\376\377\000U\000N\000P\000O\000O\000L\000E\000D}{subsection.2.2}% 7
\BOOKMARK [3][-]{subsubsection.2.2.2}{\376\377\000P\000O\000O\000L\000E\000D}{subsection.2.2}% 8
\BOOKMARK [2][-]{subsection.2.3}{\376\377\000s\000p\000r\000i\000n\000g\000M\000V\000C}{section.2}% 9
\BOOKMARK [3][-]{subsubsection.2.3.1}{\376\377\000M\000V\000C}{subsection.2.3}% 10
\BOOKMARK [3][-]{subsubsection.2.3.2}{\376\377\000S\000p\000r\000i\000n\000g\000M\000V\000C}{subsection.2.3}% 11
\BOOKMARK [1][-]{section.3}{\376\377\000S\000S\000M\163\257\130\203\221\115\177\156}{}% 12
\BOOKMARK [2][-]{subsection.3.1}{\376\377\163\257\130\203\211\201\154\102}{section.3}% 13
\BOOKMARK [2][-]{subsection.3.2}{\376\377\145\160\143\156\136\223\163\257\130\203}{section.3}% 14
\BOOKMARK [2][-]{subsection.3.3}{\376\377\127\372\147\054\163\257\130\203\144\055\136\372}{section.3}% 15
\BOOKMARK [2][-]{subsection.3.4}{\376\377\000M\000y\000b\000a\000t\000i\000s\134\102\177\026\121\231}{section.3}% 16
\BOOKMARK [2][-]{subsection.3.5}{\376\377\000S\000p\000r\000i\000n\000g\134\102}{section.3}% 17
\BOOKMARK [2][-]{subsection.3.6}{\376\377\000S\000p\000r\000i\000n\000g\000M\000V\000C\134\102}{section.3}% 18
\BOOKMARK [2][-]{subsection.3.7}{\376\377\000C\000o\000n\000t\000r\000o\000l\000l\000e\000r\124\214\211\306\126\376\134\102\177\026\121\231}{section.3}% 19
\BOOKMARK [1][-]{section.4}{\376\377\000w\000e\000b\230\165\227\142\134\125\171\072\000\046\162\171\153\212\116\343\170\001\213\364\146\016}{}% 20
\BOOKMARK [2][-]{subsection.4.1}{\376\377\166\173\137\125\154\350\121\214}{section.4}% 21
\BOOKMARK [3][-]{subsubsection.4.1.1}{\376\377\166\173\137\125}{subsection.4.1}% 22
\BOOKMARK [3][-]{subsubsection.4.1.2}{\376\377\154\350\121\214}{subsection.4.1}% 23
\BOOKMARK [2][-]{subsection.4.2}{\376\377\165\050\142\067\117\341\140\157}{section.4}% 24
\BOOKMARK [3][-]{subsubsection.4.2.1}{\376\377\147\345\167\013\165\050\142\067\117\341\140\157}{subsection.4.2}% 25
\BOOKMARK [3][-]{subsubsection.4.2.2}{\376\377\117\356\145\071\165\050\142\067\117\341\140\157}{subsection.4.2}% 26
\BOOKMARK [2][-]{subsection.4.3}{\376\377\117\177\165\050\000s\000o\000s\000o}{section.4}% 27
\BOOKMARK [2][-]{subsection.4.4}{\376\377\121\105\120\074}{section.4}% 28
\BOOKMARK [2][-]{subsection.4.5}{\376\377\131\127\231\020\123\330\146\364}{section.4}% 29
\BOOKMARK [2][-]{subsection.4.6}{\376\377\147\345\167\013\165\050\142\067\155\210\215\071\213\260\137\125}{section.4}% 30
\BOOKMARK [2][-]{subsection.4.7}{\376\377\122\236\164\006\220\000\177\121}{section.4}% 31
