\BOOKMARK [1][-]{section.1}{概述}{}% 1
\BOOKMARK [2][-]{subsection.1.1}{MASM32}{section.1}% 2
\BOOKMARK [3][-]{subsubsection.1.1.1}{背景}{subsection.1.1}% 3
\BOOKMARK [3][-]{subsubsection.1.1.2}{前期准备}{subsection.1.1}% 4
\BOOKMARK [3][-]{subsubsection.1.1.3}{MASM32的使用}{subsection.1.1}% 5
\BOOKMARK [2][-]{subsection.1.2}{上下文无关文法}{section.1}% 6
\BOOKMARK [1][-]{section.2}{GCC支持的C++语言特性}{}% 7
\BOOKMARK [2][-]{subsection.2.1}{c++\040tokens}{section.2}% 8
\BOOKMARK [3][-]{subsubsection.2.1.1}{关键字}{subsection.2.1}% 9
\BOOKMARK [3][-]{subsubsection.2.1.2}{标识符}{subsection.2.1}% 10
\BOOKMARK [3][-]{subsubsection.2.1.3}{常量}{subsection.2.1}% 11
\BOOKMARK [2][-]{subsection.2.2}{声明语句}{section.2}% 12
\BOOKMARK [3][-]{subsubsection.2.2.1}{可选择的声明对象}{subsection.2.2}% 13
\BOOKMARK [2][-]{subsection.2.3}{赋值语句 & 表达式}{section.2}% 14
\BOOKMARK [2][-]{subsection.2.4}{特定语句框}{section.2}% 15
\BOOKMARK [2][-]{subsection.2.5}{函数}{section.2}% 16
\BOOKMARK [1][-]{section.3}{使用上下文无关文法定义C++语言子集}{}% 17
\BOOKMARK [2][-]{subsection.3.1}{tokens}{section.3}% 18
\BOOKMARK [3][-]{subsubsection.3.1.1}{关键字}{subsection.3.1}% 19
\BOOKMARK [3][-]{subsubsection.3.1.2}{标识符}{subsection.3.1}% 20
\BOOKMARK [3][-]{subsubsection.3.1.3}{常量}{subsection.3.1}% 21
\BOOKMARK [2][-]{subsection.3.2}{声明语句}{section.3}% 22
\BOOKMARK [3][-]{subsubsection.3.2.1}{变量声明}{subsection.3.2}% 23
\BOOKMARK [3][-]{subsubsection.3.2.2}{常量声明}{subsection.3.2}% 24
\BOOKMARK [2][-]{subsection.3.3}{赋值语句 & 表达式}{section.3}% 25
\BOOKMARK [3][-]{subsubsection.3.3.1}{赋值运算}{subsection.3.3}% 26
\BOOKMARK [3][-]{subsubsection.3.3.2}{自增、自减}{subsection.3.3}% 27
\BOOKMARK [3][-]{subsubsection.3.3.3}{算数运算}{subsection.3.3}% 28
\BOOKMARK [2][-]{subsection.3.4}{特定语句框}{section.3}% 29
\BOOKMARK [3][-]{subsubsection.3.4.1}{if}{subsection.3.4}% 30
\BOOKMARK [3][-]{subsubsection.3.4.2}{switch-case}{subsection.3.4}% 31
\BOOKMARK [3][-]{subsubsection.3.4.3}{for}{subsection.3.4}% 32
\BOOKMARK [3][-]{subsubsection.3.4.4}{while}{subsection.3.4}% 33
\BOOKMARK [3][-]{subsubsection.3.4.5}{do-while}{subsection.3.4}% 34
\BOOKMARK [2][-]{subsection.3.5}{函数}{section.3}% 35
\BOOKMARK [3][-]{subsubsection.3.5.1}{函数声明}{subsection.3.5}% 36
\BOOKMARK [3][-]{subsubsection.3.5.2}{函数定义}{subsection.3.5}% 37
\BOOKMARK [3][-]{subsubsection.3.5.3}{函数调用}{subsection.3.5}% 38
\BOOKMARK [1][-]{section.4}{汇编编程}{}% 39
\BOOKMARK [2][-]{subsection.4.1}{阶乘程序}{section.4}% 40
\BOOKMARK [2][-]{subsection.4.2}{将C++语言程序转换为汇编语言}{section.4}% 41
\BOOKMARK [3][-]{subsubsection.4.2.1}{数据结构 & 算法设计}{subsection.4.2}% 42
\BOOKMARK [1][-]{section.5}{总结}{}% 43
\BOOKMARK [1][-]{section.6}{参考文献}{}% 44
