\BOOKMARK [1][-]{section.1}{\376\377\151\202\217\360}{}% 1
\BOOKMARK [2][-]{subsection.1.1}{\376\377\213\255\176\303\166\204\142\200\200\375\160\271}{section.1}% 2
\BOOKMARK [2][-]{subsection.1.2}{\376\377\127\372\116\216\000J\000a\000v\000a\166\204\121\150\145\207\175\042\137\025\000/\150\300\175\042\137\025\144\316\040\024\040\024\000L\000u\000c\000e\000n\000e}{section.1}% 3
\BOOKMARK [3][-]{subsubsection.1.2.1}{\376\377\121\150\145\207\175\042\137\025}{subsection.1.2}% 4
\BOOKMARK [3][-]{subsubsection.1.2.2}{\376\377\153\324\217\203\000L\000u\000c\000e\000n\000e\124\214\145\160\143\156\136\223}{subsection.1.2}% 5
\BOOKMARK [3][-]{subsubsection.1.2.3}{\376\377\000l\000u\000c\000e\000n\000e\123\005\166\204\176\304\142\020}{subsection.1.2}% 6
\BOOKMARK [2][-]{subsection.1.3}{\376\377\000J\000a\000v\000a\000M\000a\000i\000l}{section.1}% 7
\BOOKMARK [3][-]{subsubsection.1.3.1}{\376\377\000c\000l\000a\000s\000s\000\040\000M\000i\000m\000e\000M\000e\000s\000s\000a\000g\000e}{subsection.1.3}% 8
\BOOKMARK [1][-]{section.2}{\376\377\172\013\136\217\176\323\147\204}{}% 9
\BOOKMARK [2][-]{subsection.2.1}{\376\377\116\343\170\001\145\207\116\366\176\304\142\020}{section.2}% 10
\BOOKMARK [2][-]{subsection.2.2}{\376\377\173\054\116\011\145\271\135\345\121\167\123\005\137\025\121\145}{section.2}% 11
\BOOKMARK [3][-]{subsubsection.2.2.1}{\376\377\000l\000u\000c\000e\000n\000e}{subsection.2.2}% 12
\BOOKMARK [3][-]{subsubsection.2.2.2}{\376\377\000c\000o\000m\000m\000o\000n\000s\000-\000i\000o}{subsection.2.2}% 13
\BOOKMARK [3][-]{subsubsection.2.2.3}{\376\377\000m\000i\000m\000e\0004\000j}{subsection.2.2}% 14
\BOOKMARK [3][-]{subsubsection.2.2.4}{\376\377\000c\000o\000m\000m\000o\000n\000s\000-\000l\000a\000n\000g}{subsection.2.2}% 15
\BOOKMARK [1][-]{section.3}{\376\377\000C\000o\000n\000s\000t\000a\000n\000t\000s}{}% 16
\BOOKMARK [1][-]{section.4}{\376\377\147\204\220\040\175\042\137\025}{}% 17
\BOOKMARK [2][-]{subsection.4.1}{\376\377\123\330\221\317\142\020\124\130\000\046\121\375\145\160\142\020\124\130}{section.4}% 18
\BOOKMARK [2][-]{subsection.4.2}{\376\377\000I\000n\000d\000e\000x\000\137}{section.4}% 19
\BOOKMARK [2][-]{subsection.4.3}{\376\377\000g\000e\000t\000\137\000f\000i\000l\000e\000S\000t\000r\000e\000a\000m}{section.4}% 20
\BOOKMARK [2][-]{subsection.4.4}{\376\377\000i\000n\000d\000e\000x\000\137\000d\000o\000c}{section.4}% 21
\BOOKMARK [2][-]{subsection.4.5}{\376\377\000i\000n\000d\000e\000x\000\137\000d\000o\000c\000s}{section.4}% 22
\BOOKMARK [2][-]{subsection.4.6}{\376\377\000i\000n\000d\000e\000x\000\137\000c\000o\000n\000s\000t\000r\000u\000c\000t}{section.4}% 23
\BOOKMARK [2][-]{subsection.4.7}{\376\377\000r\000e\000c\000o\000r\000d\000\137\000t\000r\000a\000s\000h\000\137\000e\000m\000a\000i\000l}{section.4}% 24
\BOOKMARK [2][-]{subsection.4.8}{\376\377\000m\000a\000i\000n}{section.4}% 25
\BOOKMARK [1][-]{section.5}{\376\377\150\300\175\042}{}% 26
\BOOKMARK [2][-]{subsection.5.1}{\376\377\123\330\221\317\142\020\124\130\000\046\121\375\145\160\142\020\124\130}{section.5}% 27
\BOOKMARK [2][-]{subsection.5.2}{\376\377\000S\000e\000a\000r\000c\000h\000\137}{section.5}% 28
\BOOKMARK [2][-]{subsection.5.3}{\376\377\000d\000e\000a\000l\000\137\000q\000u\000e\000r\000y}{section.5}% 29
\BOOKMARK [2][-]{subsection.5.4}{\376\377\000s\000e\000a\000r\000c\000h}{section.5}% 30
\BOOKMARK [1][-]{section.6}{\376\377\127\203\127\076\220\256\116\366\131\004\164\006}{}% 31
\BOOKMARK [2][-]{subsection.6.1}{\376\377\000i\000l\000l\000e\000g\000a\000l\000\137\000e\000m\000a\000i\000l\000s}{section.6}% 32
\BOOKMARK [2][-]{subsection.6.2}{\376\377\000d\000e\000l\000e\000t\000e\000d\000\137\000e\000m\000a\000i\000l\000s}{section.6}% 33
\BOOKMARK [2][-]{subsection.6.3}{\376\377\000d\000r\000a\000f\000t\000s\000\137\000e\000m\000a\000i\000l\000s}{section.6}% 34
\BOOKMARK [1][-]{section.7}{\376\377\165\221\225\356\000\046\140\035\200\003}{}% 35
